<?xml version="1.0" encoding="UTF-8"?>
<!-- Generated by org.testng.reporters.JUnitReportReporter -->
<testsuite hostname="DESKTOP-QJ32IRR" failures="0" tests="4" name="testNgpackage.Annotationorder" time="27.401" errors="0" timestamp="2022-12-08T23:44:53 SGT" skipped="0">
  <testcase classname="testNgpackage.Annotationorder" name="yahoo" time="7.183"/>
  <system-out/>
  <testcase classname="testNgpackage.Annotationorder" name="gmail" time="8.236"/>
  <system-out/>
  <testcase classname="testNgpackage.Annotationorder" name="facebook" time="7.936"/>
  <system-out/>
  <testcase classname="testNgpackage.Annotationorder" name="google" time="4.046"/>
  <system-out/>
</testsuite> <!-- testNgpackage.Annotationorder -->
