<?xml version="1.0" encoding="UTF-8"?>
<!-- Generated by org.testng.reporters.JUnitReportReporter -->
<testsuite hostname="DESKTOP-QJ32IRR" failures="0" tests="3" name="testNgpackage.scrolldown" time="3.965" errors="0" timestamp="2022-12-15T00:19:52 SGT" skipped="2">
  <testcase classname="testNgpackage.scrolldown" name="scrollupselectlocatior" time="3.965"/>
  <system-out/>
  <testcase classname="testNgpackage.scrolldown" name="scrollup">
    <skipped/>
  </testcase> <!-- scrollup -->
  <system-out/>
  <testcase classname="testNgpackage.scrolldown" name="scrolldown">
    <skipped/>
  </testcase> <!-- scrolldown -->
  <system-out/>
</testsuite> <!-- testNgpackage.scrolldown -->
