<?xml version="1.0" encoding="UTF-8"?>
<!-- Generated by org.testng.reporters.JUnitReportReporter -->
<testsuite hostname="DESKTOP-QJ32IRR" failures="0" tests="1" name="testNgpackage.Isdisplayes" time="4.295" errors="0" timestamp="2022-12-14T00:41:56 SGT" skipped="0">
  <testcase classname="testNgpackage.Isdisplayes" name="isDisplayed" time="4.295"/>
  <system-out/>
</testsuite> <!-- testNgpackage.Isdisplayes -->
