<?xml version="1.0" encoding="UTF-8"?>
<!-- Generated by org.testng.reporters.JUnitReportReporter -->
<testsuite hostname="DESKTOP-QJ32IRR" failures="0" tests="1" name="testNgpackage.log4j" time="12.575" errors="0" timestamp="2022-12-21T20:44:29 SGT" skipped="0">
  <testcase classname="testNgpackage.log4j" name="tutorial" time="12.575"/>
  <system-out/>
</testsuite> <!-- testNgpackage.log4j -->
