<?xml version="1.0" encoding="UTF-8"?>
<!-- Generated by org.testng.reporters.JUnitReportReporter -->
<testsuite hostname="DESKTOP-QJ32IRR" failures="0" tests="3" name="alertwindows.AlertBoxokbutton" time="3.541" errors="0" timestamp="2022-12-15T00:01:06 SGT" skipped="2">
  <testcase classname="alertwindows.AlertBoxokbutton" name="promptbox" time="3.541"/>
  <system-out/>
  <testcase classname="alertwindows.AlertBoxokbutton" name="confirmationDIalogbox">
    <skipped/>
  </testcase> <!-- confirmationDIalogbox -->
  <system-out/>
  <testcase classname="alertwindows.AlertBoxokbutton" name="alertokbutton">
    <skipped/>
  </testcase> <!-- alertokbutton -->
  <system-out/>
</testsuite> <!-- alertwindows.AlertBoxokbutton -->
