<?xml version="1.0" encoding="UTF-8"?>
<!-- Generated by org.testng.reporters.JUnitReportReporter -->
<testsuite hostname="DESKTOP-QJ32IRR" failures="0" tests="1" name="testNgpackage.Rightclickclass" time="11.628" errors="0" timestamp="2022-12-15T22:18:35 SGT" skipped="0">
  <testcase classname="testNgpackage.Rightclickclass" name="Rightclick" time="11.628"/>
  <system-out/>
</testsuite> <!-- testNgpackage.Rightclickclass -->
