<?xml version="1.0" encoding="UTF-8"?>
<!-- Generated by org.testng.reporters.JUnitReportReporter -->
<testsuite hostname="DESKTOP-QJ32IRR" failures="0" tests="1" name="testNgpackage.Actionclass" time="4.025" errors="0" timestamp="2022-12-15T23:15:59 SGT" skipped="0">
  <testcase classname="testNgpackage.Actionclass" name="KeyboardActions" time="4.025"/>
  <system-out/>
</testsuite> <!-- testNgpackage.Actionclass -->
