<?xml version="1.0" encoding="UTF-8"?>
<!-- Generated by org.testng.reporters.JUnitReportReporter -->
<testsuite hostname="DESKTOP-QJ32IRR" failures="0" tests="4" name="testNgpackage.TestNgTitle" time="6.096" errors="0" timestamp="2022-12-13T00:13:30 SGT" skipped="3">
  <testcase classname="testNgpackage.TestNgTitle" name="URL" time="6.096"/>
  <system-out/>
  <testcase classname="testNgpackage.TestNgTitle" name="Redmine">
    <skipped/>
  </testcase> <!-- Redmine -->
  <system-out/>
  <testcase classname="testNgpackage.TestNgTitle" name="google">
    <skipped/>
  </testcase> <!-- google -->
  <system-out/>
  <testcase classname="testNgpackage.TestNgTitle" name="Issues">
    <skipped/>
  </testcase> <!-- Issues -->
  <system-out/>
</testsuite> <!-- testNgpackage.TestNgTitle -->
