<?xml version="1.0" encoding="UTF-8"?>
<!-- Generated by org.testng.reporters.JUnitReportReporter -->
<testsuite hostname="DESKTOP-QJ32IRR" failures="0" tests="1" name="testNgpackage.IsSelected" time="3.668" errors="0" timestamp="2022-12-14T23:36:11 SGT" skipped="0">
  <testcase classname="testNgpackage.IsSelected" name="Isselected" time="3.668"/>
  <system-out/>
</testsuite> <!-- testNgpackage.IsSelected -->
