<?xml version="1.0" encoding="UTF-8"?>
<!-- Generated by org.testng.reporters.JUnitReportReporter -->
<testsuite hostname="DESKTOP-QJ32IRR" failures="0" tests="1" name="testNgpackage.IsEnabled" time="2.461" errors="0" timestamp="2022-12-14T23:18:05 SGT" skipped="0">
  <testcase classname="testNgpackage.IsEnabled" name="f" time="2.461"/>
  <system-out/>
</testsuite> <!-- testNgpackage.IsEnabled -->
